<?xml version="1.0" encoding="UTF-8"?>
<!-- Generated by org.testng.reporters.JUnitReportReporter -->
<testsuite hostname="LAPTOP-F2SGJ9E1" failures="0" tests="3" name="api.test.PetTest" time="9.434" errors="0" timestamp="2024-11-11T17:34:42 IST" skipped="0">
  <testcase classname="api.test.PetTest" name="testPostPet" time="5.621"/>
  <testcase classname="api.test.PetTest" name="testGetPet" time="2.251"/>
  <testcase classname="api.test.PetTest" name="testUpdatePet" time="1.562"/>
</testsuite> <!-- api.test.PetTest -->
