<?xml version="1.0" encoding="UTF-8"?>
<!-- Generated by org.testng.reporters.JUnitReportReporter -->
<testsuite hostname="LAPTOP-F2SGJ9E1" failures="0" tests="4" name="api.test.UserTest" time="8.023" errors="0" timestamp="2024-11-11T17:34:42 IST" skipped="0">
  <testcase classname="api.test.UserTest" name="postUser" time="2.539"/>
  <testcase classname="api.test.UserTest" name="getUser" time="1.794"/>
  <testcase classname="api.test.UserTest" name="UpdateUser" time="1.748"/>
  <testcase classname="api.test.UserTest" name="DeleteUser" time="1.942"/>
</testsuite> <!-- api.test.UserTest -->
